SQL> column StoreCode format A11 heading 'Store Code';
SQL> column Description format A23 heading 'Item Description';
SQL> column Price format $999999.99 heading 'Price';
SQL> column Quantity format 99999 heading 'Quantity';
SQL> column (Price*Quantity) format $99999.99 heading 'Value';
SQL> 
SQL> set pause off;
SQL> set feedback off;
SQL> set space 6;
SQL> set newpage 2;
SQL> set pagesize 100;
SQL> set linesize 100;
SQL> set underline =;
SQL> 
SQL> 
SQL> ttitle center 'Current Stock Value By Store' skip 2 center 'prepared by Charles Read' skip 2 center '10-Nov-2017' skip 2;
SQL> btitle center format 999 SQL.PNO;
SQL> 
SQL> break on StoreCode skip 1 on Description skip 1 on Report;
SQL> 
SQL> compute sum label 'Store Total' of (Price*Quantity) on StoreCode;
SQL> compute sum label 'Grand Total' of (Price*Quantity) on Report;
SQL> 
SQL> Select StoreCode, Description, Price, Quantity, (Price*Quantity)
  2  From Stocks
  3  Order by StoreCode, SuppCode;


                               Current Stock Value By Store                                    
                                                                                                    
                                 prepared by Charles Read                                      
                                                                                                    
                                        10-Nov-2017                                            
                                                                                                    
Store Code       Item Description                   Price      Quantity           Value             
===========      =======================      ===========      ========      ==========             
CENT             Photocopying paper                 $2.98            30          $89.40             
                                                                                                    
                 A4 headed paper                    $4.11            17          $69.87             
                                                                                                    
                 HB pencils                         $1.97            22          $43.34             
                                                                                                    
                 Tipp-ex bottles                     $.81            35          $28.35             
                                                                                                    
                 Fluorescent markers                $1.89             2           $3.78             
                                                                                                    
                 Black ballpoints                   $2.42             6          $14.52             
                                                                                                    
                 Window envelopes                   $2.15            22          $47.30             
                                                                                                    
                 12 inch rulers                      $.22            23           $5.06             
                                                                                                    
                 Drawing pins                        $.47            37          $17.39             
                                                                                                    
                 Sellotape                           $.45            21           $9.45             
                                                                                                    
                 Staples                             $.42            11           $4.62             
                                                                                                    
***********      ***********************                                     ----------             
Store Total                                                                     $333.08             
                                                                                                    
IT               5.25 in. floppy disks             $11.38            32         $364.16             
                                                                                                    
                 3.5 in. floppy disks              $12.85            14         $179.90             
                                                                                                    
                 Anti-static wipes                  $4.95            18          $89.10             
                                                                                                    
                 Toner cartridges                  $32.99             7         $230.93             
                                                                                                    
***********      ***********************                                     ----------             
Store Total                                                                     $864.09             
                                                                                                    
LEG              Coloured pens                      $3.65            17          $62.05             
                                                                                                    
                 Large envelopes                    $2.57             8          $20.56             
                                                                                                    
                 Coloured ink                       $3.48            22          $76.56             
                                                                                                    
                 A3 cream notary paper              $7.85            21         $164.85             
                                                                                                    
                 Red binding ribbon                 $6.47            13          $84.11             
                                                                                                    
                 Sealing wax                        $7.99             9          $71.91             
                                                                                                    
***********      ***********************                                     ----------             
Store Total                                                                     $480.04             
                                                                                                    
TYP              Coloured paper                     $5.15            13          $66.95             
                                                                                                    
                 Audio cassettes                    $8.58             8          $68.64             
                                                                                                    
                 Typewriter ribbons                 $6.19            16          $99.04             
                                                                                                    
                 Sticky labels                      $4.83            45         $217.35             
                                                                                                    
                 FX-100 printer ribbon             $23.99            25         $599.75             
                                                                                                    
***********      ***********************                                     ----------             
Store Total                                                                    $1051.73             
                                                                                                    
WORK             Door hinges                        $2.14            24          $51.36             
                                                                                                    
                 Masking tape                        $.49             8           $3.92             
                                                                                                    
                 White spirit                        $.98             6           $5.88             
                                                                                                    
                 Electrical solder                  $1.59            11          $17.49             
                                                                                                    
                 13 amp electrical wire             $1.84            22          $40.48             
                                                                                                    
                 10 x 1 inch wood screws            $1.35            13          $17.55             
                                                                                                    
                 8 x 1 inch wood screws             $2.85             8          $22.80             
                                                                                                    
                 Angle brackets                     $2.85            18          $51.30             
                                                                                                    
***********      ***********************                                     ----------             
Store Total                                                                     $210.78             
                                                                                                    
                                                                             ----------             
Grand Total                                                                    $2939.72             




                                                   1                                                
SQL> spool off
